<?xml version="1.0" encoding="UTF-8"?>
<!-- Generated by org.testng.reporters.JUnitXMLReporter -->
<testsuite ignored="0" hostname="DESKTOP-LDM8NKK" failures="0" tests="3" name="Default test" time="2.6" errors="0" timestamp="2024-11-23T18:22:11 IST">
  <testcase classname="RESTFulTesting.DynamicJson" name="addBook" time="2.264"/>
  <testcase classname="RESTFulTesting.DynamicJson" name="addBook" time="0.155"/>
  <testcase classname="RESTFulTesting.DynamicJson" name="addBook" time="0.135"/>
</testsuite> <!-- Default test -->
