<?xml version="1.0" encoding="UTF-8"?>
<testng-results ignored="0" total="3" passed="3" failed="0" skipped="0">
  <reporter-output>
  </reporter-output>
  <suite started-at="2024-11-23T18:22:08 IST" name="Default suite" finished-at="2024-11-23T18:22:11 IST" duration-ms="2600">
    <groups>
    </groups>
    <test started-at="2024-11-23T18:22:08 IST" name="Default test" finished-at="2024-11-23T18:22:11 IST" duration-ms="2600">
      <class name="RESTFulTesting.DynamicJson">
        <test-method signature="addBook(java.lang.String,java.lang.String)[pri:0, instance:RESTFulTesting.DynamicJson@4e7912d8]" started-at="2024-11-23T18:22:08 IST" name="addBook" data-provider="BookData" finished-at="2024-11-23T18:22:11 IST" duration-ms="2264" status="PASS">
          <params>
            <param index="0">
              <value>
                <![CDATA[wstrt]]>
              </value>
            </param>
            <param index="1">
              <value>
                <![CDATA[1234]]>
              </value>
            </param>
          </params>
          <reporter-output>
          </reporter-output>
        </test-method> <!-- addBook -->
        <test-method signature="addBook(java.lang.String,java.lang.String)[pri:0, instance:RESTFulTesting.DynamicJson@4e7912d8]" started-at="2024-11-23T18:22:11 IST" name="addBook" data-provider="BookData" finished-at="2024-11-23T18:22:11 IST" duration-ms="155" status="PASS">
          <params>
            <param index="0">
              <value>
                <![CDATA[rfghh]]>
              </value>
            </param>
            <param index="1">
              <value>
                <![CDATA[5678]]>
              </value>
            </param>
          </params>
          <reporter-output>
          </reporter-output>
        </test-method> <!-- addBook -->
        <test-method signature="addBook(java.lang.String,java.lang.String)[pri:0, instance:RESTFulTesting.DynamicJson@4e7912d8]" started-at="2024-11-23T18:22:11 IST" name="addBook" data-provider="BookData" finished-at="2024-11-23T18:22:11 IST" duration-ms="135" status="PASS">
          <params>
            <param index="0">
              <value>
                <![CDATA[ghjj]]>
              </value>
            </param>
            <param index="1">
              <value>
                <![CDATA[6789]]>
              </value>
            </param>
          </params>
          <reporter-output>
          </reporter-output>
        </test-method> <!-- addBook -->
      </class> <!-- RESTFulTesting.DynamicJson -->
    </test> <!-- Default test -->
  </suite> <!-- Default suite -->
</testng-results>
